<?xml version="1.0" encoding="UTF-8"?>
<testng-results skipped="0" failed="1" total="1" passed="0">
  <reporter-output>
  </reporter-output>
  <suite name="Default suite" duration-ms="43667" started-at="2016-06-29T02:34:10Z" finished-at="2016-06-29T02:34:54Z">
    <groups>
    </groups>
    <test name="Default test" duration-ms="43667" started-at="2016-06-29T02:34:10Z" finished-at="2016-06-29T02:34:54Z">
      <class name="com.stockAccounting.Testcases.TestngStockItem">
        <test-method status="PASS" signature="stockAcc_Launch()[pri:0, instance:com.stockAccounting.Testcases.TestngStockItem@23c6988d]" name="stockAcc_Launch" is-config="true" duration-ms="8391" started-at="2016-06-29T08:04:02Z" finished-at="2016-06-29T08:04:10Z">
          <reporter-output>
          </reporter-output>
        </test-method> <!-- stockAcc_Launch -->
        <test-method status="PASS" signature="stockAcc_Login()[pri:0, instance:com.stockAccounting.Testcases.TestngStockItem@23c6988d]" name="stockAcc_Login" is-config="true" duration-ms="2409" started-at="2016-06-29T08:04:10Z" finished-at="2016-06-29T08:04:13Z">
          <reporter-output>
          </reporter-output>
        </test-method> <!-- stockAcc_Login -->
        <test-method status="FAIL" signature="stockItem_Creation()[pri:0, instance:com.stockAccounting.Testcases.TestngStockItem@23c6988d]" name="stockItem_Creation" duration-ms="31142" started-at="2016-06-29T08:04:13Z" finished-at="2016-06-29T08:04:44Z">
          <exception class="org.openqa.selenium.NoSuchElementException">
            <message>
              <![CDATA[Unable to locate element: {"method":"xpath","selector":"html/body/div[17]/div[2]/div/div[4]/div[2]/button"}
Command duration or timeout: 5.14 seconds
For documentation on this error, please visit: http://seleniumhq.org/exceptions/no_such_element.html
Build info: version: '2.53.0', revision: '35ae25b', time: '2016-03-15 17:00:58'
System info: host: 'Q10087', ip: '10.0.0.2', os.name: 'Windows 7', os.arch: 'amd64', os.version: '6.1', java.version: '1.7.0_79'
*** Element info: {Using=xpath, value=html/body/div[17]/div[2]/div/div[4]/div[2]/button}
Session ID: 194ef438-64df-4288-b902-e489254aef1d
Driver info: org.openqa.selenium.firefox.FirefoxDriver
Capabilities [{platform=WINDOWS, acceptSslCerts=true, javascriptEnabled=true, cssSelectorsEnabled=true, databaseEnabled=true, browserName=firefox, handlesAlerts=true, nativeEvents=false, webStorageEnabled=true, rotatable=false, locationContextEnabled=true, applicationCacheEnabled=true, takesScreenshot=true, version=35.0}]]]>
            </message>
            <full-stacktrace>
              <![CDATA[org.openqa.selenium.NoSuchElementException: Unable to locate element: {"method":"xpath","selector":"html/body/div[17]/div[2]/div/div[4]/div[2]/button"}
Command duration or timeout: 5.14 seconds
For documentation on this error, please visit: http://seleniumhq.org/exceptions/no_such_element.html
Build info: version: '2.53.0', revision: '35ae25b', time: '2016-03-15 17:00:58'
System info: host: 'Q10087', ip: '10.0.0.2', os.name: 'Windows 7', os.arch: 'amd64', os.version: '6.1', java.version: '1.7.0_79'
*** Element info: {Using=xpath, value=html/body/div[17]/div[2]/div/div[4]/div[2]/button}
Session ID: 194ef438-64df-4288-b902-e489254aef1d
Driver info: org.openqa.selenium.firefox.FirefoxDriver
Capabilities [{platform=WINDOWS, acceptSslCerts=true, javascriptEnabled=true, cssSelectorsEnabled=true, databaseEnabled=true, browserName=firefox, handlesAlerts=true, nativeEvents=false, webStorageEnabled=true, rotatable=false, locationContextEnabled=true, applicationCacheEnabled=true, takesScreenshot=true, version=35.0}]
	at sun.reflect.NativeConstructorAccessorImpl.newInstance0(Native Method)
	at sun.reflect.NativeConstructorAccessorImpl.newInstance(Unknown Source)
	at sun.reflect.DelegatingConstructorAccessorImpl.newInstance(Unknown Source)
	at java.lang.reflect.Constructor.newInstance(Unknown Source)
	at org.openqa.selenium.remote.ErrorHandler.createThrowable(ErrorHandler.java:206)
	at org.openqa.selenium.remote.ErrorHandler.throwIfResponseFailed(ErrorHandler.java:158)
	at org.openqa.selenium.remote.RemoteWebDriver.execute(RemoteWebDriver.java:678)
	at org.openqa.selenium.remote.RemoteWebDriver.findElement(RemoteWebDriver.java:363)
	at org.openqa.selenium.remote.RemoteWebDriver.findElementByXPath(RemoteWebDriver.java:500)
	at org.openqa.selenium.By$ByXPath.findElement(By.java:361)
	at org.openqa.selenium.remote.RemoteWebDriver.findElement(RemoteWebDriver.java:355)
	at com.stockAccounting.Testcases.TestngStockItem.stockItem_Creation(TestngStockItem.java:49)
	at sun.reflect.NativeMethodAccessorImpl.invoke0(Native Method)
	at sun.reflect.NativeMethodAccessorImpl.invoke(Unknown Source)
	at sun.reflect.DelegatingMethodAccessorImpl.invoke(Unknown Source)
	at java.lang.reflect.Method.invoke(Unknown Source)
	at org.testng.internal.MethodInvocationHelper.invokeMethod(MethodInvocationHelper.java:85)
	at org.testng.internal.Invoker.invokeMethod(Invoker.java:639)
	at org.testng.internal.Invoker.invokeTestMethod(Invoker.java:816)
	at org.testng.internal.Invoker.invokeTestMethods(Invoker.java:1124)
	at org.testng.internal.TestMethodWorker.invokeTestMethods(TestMethodWorker.java:125)
	at org.testng.internal.TestMethodWorker.run(TestMethodWorker.java:108)
	at org.testng.TestRunner.privateRun(TestRunner.java:774)
	at org.testng.TestRunner.run(TestRunner.java:624)
	at org.testng.SuiteRunner.runTest(SuiteRunner.java:359)
	at org.testng.SuiteRunner.runSequentially(SuiteRunner.java:354)
	at org.testng.SuiteRunner.privateRun(SuiteRunner.java:312)
	at org.testng.SuiteRunner.run(SuiteRunner.java:261)
	at org.testng.SuiteRunnerWorker.runSuite(SuiteRunnerWorker.java:52)
	at org.testng.SuiteRunnerWorker.run(SuiteRunnerWorker.java:86)
	at org.testng.TestNG.runSuitesSequentially(TestNG.java:1215)
	at org.testng.TestNG.runSuitesLocally(TestNG.java:1140)
	at org.testng.TestNG.run(TestNG.java:1048)
	at org.testng.remote.AbstractRemoteTestNG.run(AbstractRemoteTestNG.java:126)
	at org.testng.remote.RemoteTestNG.initAndRun(RemoteTestNG.java:137)
	at org.testng.remote.RemoteTestNG.main(RemoteTestNG.java:58)
Caused by: org.openqa.selenium.NoSuchElementException: Unable to locate element: {"method":"xpath","selector":"html/body/div[17]/div[2]/div/div[4]/div[2]/button"}
For documentation on this error, please visit: http://seleniumhq.org/exceptions/no_such_element.html
Build info: version: '2.53.0', revision: '35ae25b', time: '2016-03-15 17:00:58'
System info: host: 'Q10087', ip: '10.0.0.2', os.name: 'Windows 7', os.arch: 'amd64', os.version: '6.1', java.version: '1.7.0_79'
Driver info: driver.version: unknown
	at <anonymous class>.FirefoxDriver.prototype.findElementInternal_(file:///C:/Users/sujatha/AppData/Local/Temp/anonymous8718834470435927262webdriver-profile/extensions/fxdriver@googlecode.com/components/driver-component.js:10770)
	at <anonymous class>.fxdriver.Timer.prototype.setTimeout/<.notify(file:///C:/Users/sujatha/AppData/Local/Temp/anonymous8718834470435927262webdriver-profile/extensions/fxdriver@googlecode.com/components/driver-component.js:625)
]]>
            </full-stacktrace>
          </exception> <!-- org.openqa.selenium.NoSuchElementException -->
          <reporter-output>
          </reporter-output>
        </test-method> <!-- stockItem_Creation -->
        <test-method status="PASS" signature="stockAcc_Logout()[pri:0, instance:com.stockAccounting.Testcases.TestngStockItem@23c6988d]" name="stockAcc_Logout" is-config="true" duration-ms="10072" started-at="2016-06-29T08:04:44Z" finished-at="2016-06-29T08:04:54Z">
          <reporter-output>
          </reporter-output>
        </test-method> <!-- stockAcc_Logout -->
        <test-method status="PASS" signature="stockAcc_Close()[pri:0, instance:com.stockAccounting.Testcases.TestngStockItem@23c6988d]" name="stockAcc_Close" is-config="true" duration-ms="568" started-at="2016-06-29T08:04:54Z" finished-at="2016-06-29T08:04:54Z">
          <reporter-output>
          </reporter-output>
        </test-method> <!-- stockAcc_Close -->
      </class> <!-- com.stockAccounting.Testcases.TestngStockItem -->
    </test> <!-- Default test -->
  </suite> <!-- Default suite -->
</testng-results>
